Arguments: 
  C:\Program Files\nodejs\node.exe C:\Users\jungdo\AppData\Roaming\npm\node_modules\yarn\bin\yarn.js init

PATH: 
  C:\Program Files\Java\jdk1.8.0_66\bin;C:\WINDOWS\system32;C:\WINDOWS;C:\WINDOWS\System32\Wbem;C:\WINDOWS\System32\WindowsPowerShell\v1.0\;C:\WINDOWS\System32\OpenSSH\;C:\Gradle\gradle-7.3\bin;C:\Program Files\Git\cmd;%APPDATA%\Python\Scripts;C:\Users\jungdo\AppData\Roaming\pypoetry\venv\Scripts;C:\Users\jungdo\AppData\Roaming\nvm;C:\Program Files\nodejs;C:\Program Files\nodejs\;C:\Program Files\PuTTY\;C:\Program Files\Docker\Docker\resources\bin;C:\Users\jungdo\AppData\Local\Yarn\bin;C:\Users\jungdo\AppData\Local\Microsoft\WindowsApps;C:\Users\jungdo\AppData\Local\Programs\Microsoft VS Code\bin;C:\Program Files (x86)\SoftForum\XecureHSM\;C:\Users\jungdo\AppData\Roaming\npm;C:\Users\jungdo\AppData\Local\GitHubDesktop\bin;C:\Users\jungdo\AppData\Roaming\nvm;C:\Program Files\nodejs;C:\Program Files\JetBrains\IntelliJ IDEA 2022.3.2\bin;;C:\Users\jungdo\AppData\Local\Yarn\bin;

Yarn version: 
  1.22.19

Node version: 
  20.18.0

Platform: 
  win32 x64

Trace: 
  Error: canceled
      at Interface.<anonymous> (C:\Users\jungdo\AppData\Roaming\npm\node_modules\yarn\lib\cli.js:137150:13)
      at Interface.emit (node:events:519:28)
      at [_ttyWrite] [as _ttyWrite] (node:internal/readline/interface:1126:18)
      at ReadStream.onkeypress (node:internal/readline/interface:265:20)
      at ReadStream.emit (node:events:519:28)
      at emitKeys (node:internal/readline/utils:371:14)
      at emitKeys.next (<anonymous>)
      at ReadStream.onData (node:internal/readline/emitKeypressEvents:64:36)
      at ReadStream.emit (node:events:519:28)
      at addChunk (node:internal/streams/readable:559:12)

npm manifest: 
  No manifest

yarn manifest: 
  No manifest

Lockfile: 
  No lockfile
